
 2018-12-04 06:10:01.886969
小妖~~~~~~~~~~~~~~~~
已存在 无敌破坏王2：大闹互联网
已存在 流浪猫鲍勃
已存在 无名之辈
已存在 神奇动物：格林德沃之罪
已存在 护垫侠
影院~~~~~~~~
已存在 毒液：致命守护者
已存在 无名之辈
已存在 影
已存在 无双
已存在 李茶的姑妈
DY186~~~~~~~~~~~
已存在 无名之辈
已存在 冒牌搭档
已存在 二十岁
已存在 影
已存在 功夫联盟
下载完成

 2018-12-05 06:10:01.910942
小妖~~~~~~~~~~~~~~~~
没有~~~~~~~~~ 超女第三季
豆瓣被调用失败-----------
成功的存到数据了 超女第三季
没有~~~~~~~~~ 丛林女超人
豆瓣被调用失败-----------
成功的存到数据了 丛林女超人
已存在 无敌破坏王2：大闹互联网
已存在 流浪猫鲍勃
已存在 无名之辈
影院~~~~~~~~
已存在 毒液：致命守护者
已存在 无名之辈
已存在 影
已存在 无双
已存在 李茶的姑妈
DY186~~~~~~~~~~~
已存在 冒牌搭档
已存在 无名之辈
已存在 二十岁
已存在 影
已存在 功夫联盟
下载完成

 2018-12-06 06:10:02.208059
小妖~~~~~~~~~~~~~~~~
已存在 超女第三季
已存在 丛林女超人
已存在 无敌破坏王2：大闹互联网
已存在 流浪猫鲍勃
已存在 无名之辈
影院~~~~~~~~
已存在 毒液：致命守护者
已存在 无名之辈
已存在 影
已存在 无双
已存在 李茶的姑妈
DY186~~~~~~~~~~~
更新成功 找到你
已存在 找到你
已存在 冒牌搭档
已存在 无名之辈
已存在 二十岁
已存在 影
下载完成

 2018-12-07 06:10:01.405337
小妖~~~~~~~~~~~~~~~~
已存在 超女第三季
已存在 丛林女超人
已存在 无敌破坏王2：大闹互联网
已存在 流浪猫鲍勃
已存在 无名之辈
影院~~~~~~~~
已存在 毒液：致命守护者
更新成功 胖子行动队
已存在 胖子行动队
已存在 无名之辈
已存在 影
已存在 无双
DY186~~~~~~~~~~~
已存在 毒液：致命守护者
已存在 二十岁
已存在 胖子行动队
已存在 找到你
已存在 冒牌搭档
下载完成

 2018-12-08 06:10:01.458838
小妖~~~~~~~~~~~~~~~~
已存在 超女第三季
已存在 丛林女超人
已存在 无敌破坏王2：大闹互联网
已存在 流浪猫鲍勃
已存在 无名之辈
影院~~~~~~~~
已存在 毒液：致命守护者
已存在 胖子行动队
已存在 无名之辈
已存在 影
已存在 无双
DY186~~~~~~~~~~~
已存在 海王
没有~~~~~~~~~ 特种兵归来1：血狼之怒
豆瓣被调用失败-----------
成功的存到数据了 特种兵归来1：血狼之怒
已存在 毒液：致命守护者
已存在 二十岁
已存在 胖子行动队
下载完成

 2018-12-09 06:10:01.256761
小妖~~~~~~~~~~~~~~~~
已存在 超女第三季
已存在 丛林女超人
已存在 无敌破坏王2：大闹互联网
已存在 流浪猫鲍勃
已存在 无名之辈
影院~~~~~~~~
已存在 毒液：致命守护者
已存在 海王
没有~~~~~~~~~ 四平青年之喋血曼谷
豆瓣被调用失败-----------
成功的存到数据了 四平青年之喋血曼谷
已存在 胖子行动队
已存在 你好，之华
DY186~~~~~~~~~~~
已存在 四平青年之喋血曼谷
已存在 海王
已存在 你好，之华
已存在 特种兵归来1：血狼之怒
已存在 毒液：致命守护者
下载完成

 2018-12-10 06:10:02.149760
小妖~~~~~~~~~~~~~~~~
已存在 超女第三季
已存在 丛林女超人
已存在 无敌破坏王2：大闹互联网
已存在 流浪猫鲍勃
已存在 无名之辈
影院~~~~~~~~
已存在 毒液：致命守护者
已存在 海王
没有~~~~~~~~~ 四平青年之喋血曼谷
豆瓣被调用失败-----------
成功的存到数据了 四平青年之喋血曼谷
已存在 胖子行动队
已存在 你好，之华
DY186~~~~~~~~~~~
已存在 四平青年之喋血曼谷
已存在 海王
已存在 你好，之华
已存在 特种兵归来1：血狼之怒
已存在 毒液：致命守护者
下载完成

 2018-12-11 06:10:01.709039
小妖~~~~~~~~~~~~~~~~
已存在 超女第三季
已存在 丛林女超人
已存在 无敌破坏王2：大闹互联网
已存在 流浪猫鲍勃
已存在 无名之辈
影院~~~~~~~~
已存在 海王
已存在 毒液：致命守护者
已存在 四平青年之喋血曼谷
已存在 胖子行动队
已存在 你好，之华
DY186~~~~~~~~~~~
已存在 四平青年之喋血曼谷
已存在 海王
已存在 你好，之华
已存在 特种兵归来1：血狼之怒
已存在 毒液：致命守护者
下载完成

 2018-12-12 06:10:01.394247
小妖~~~~~~~~~~~~~~~~
已存在 超女第三季
已存在 丛林女超人
已存在 无敌破坏王2：大闹互联网
已存在 流浪猫鲍勃
已存在 无名之辈
影院~~~~~~~~
已存在 海王
已存在 毒液：致命守护者
没有~~~~~~~~~ 特种兵归来2：黑色罂粟
豆瓣被调用失败-----------
成功的存到数据了 特种兵归来2：黑色罂粟
已存在 四平青年之喋血曼谷
DY186~~~~~~~~~~~
没有~~~~~~~~~ 飓风奇劫
豆瓣被调用失败-----------
成功的存到数据了 飓风奇劫
已存在 四平青年之喋血曼谷
已存在 海王
已存在 你好，之华
已存在 特种兵归来1：血狼之怒
下载完成

 2018-12-13 06:10:01.565795
小妖~~~~~~~~~~~~~~~~
已存在 超女第三季
已存在 丛林女超人
已存在 无敌破坏王2：大闹互联网
已存在 流浪猫鲍勃
已存在 无名之辈
影院~~~~~~~~
已存在 海王
已存在 毒液：致命守护者
已存在 特种兵归来2：黑色罂粟
已存在 四平青年之喋血曼谷
DY186~~~~~~~~~~~
更新成功 宝贝儿
已存在 宝贝儿
已存在 飓风奇劫
已存在 四平青年之喋血曼谷
已存在 海王
已存在 你好，之华
下载完成

 2018-12-14 06:10:01.485067
小妖~~~~~~~~~~~~~~~~
已存在 超女第三季
已存在 丛林女超人
已存在 无敌破坏王2：大闹互联网
已存在 流浪猫鲍勃
已存在 无名之辈
影院~~~~~~~~
已存在 毒液：致命守护者
已存在 海王
已存在 特种兵归来2：黑色罂粟
已存在 四平青年之喋血曼谷
DY186~~~~~~~~~~~
已存在 特种兵归来2：黑色罂粟
没有~~~~~~~~~ 撕裂人
豆瓣被调用失败-----------
成功的存到数据了 撕裂人
已存在 宝贝儿
已存在 飓风奇劫
已存在 四平青年之喋血曼谷
下载完成

 2018-12-15 06:10:01.527891
小妖~~~~~~~~~~~~~~~~
已存在 超女第三季
已存在 丛林女超人
已存在 无敌破坏王2：大闹互联网
已存在 流浪猫鲍勃
已存在 无名之辈
影院~~~~~~~~
已存在 毒液：致命守护者
没有~~~~~~~~~ 特种兵归来3：绝密战场
豆瓣被调用失败-----------
成功的存到数据了 特种兵归来3：绝密战场
已存在 海王
已存在 李茶的姑妈
已存在 特种兵归来2：黑色罂粟
DY186~~~~~~~~~~~
已存在 特种兵归来3：绝密战场
已存在 李茶的姑妈
已存在 特种兵归来2：黑色罂粟
已存在 撕裂人
已存在 宝贝儿
下载完成

 2018-12-16 06:10:01.885640
小妖~~~~~~~~~~~~~~~~
已存在 超女第三季
已存在 丛林女超人
已存在 无敌破坏王2：大闹互联网
已存在 流浪猫鲍勃
已存在 无名之辈
影院~~~~~~~~
没有~~~~~~~~~ 大黄蜂
豆瓣被调用失败-----------
成功的存到数据了 大黄蜂
已存在 毒液：致命守护者
已存在 特种兵归来3：绝密战场
已存在 李茶的姑妈
已存在 海王
DY186~~~~~~~~~~~
已存在 特种兵归来3：绝密战场
已存在 李茶的姑妈
已存在 特种兵归来2：黑色罂粟
已存在 撕裂人
已存在 宝贝儿
下载完成

 2018-12-17 06:10:01.432070
小妖~~~~~~~~~~~~~~~~
已存在 超女第三季
已存在 丛林女超人
已存在 无敌破坏王2：大闹互联网
已存在 流浪猫鲍勃
已存在 无名之辈
影院~~~~~~~~
已存在 大黄蜂
已存在 毒液：致命守护者
已存在 海王
已存在 李茶的姑妈
已存在 特种兵归来3：绝密战场
DY186~~~~~~~~~~~
已存在 大黄蜂
已存在 神奇动物：格林德沃之罪
已存在 特种兵归来3：绝密战场
已存在 李茶的姑妈
已存在 特种兵归来2：黑色罂粟
下载完成

 2018-12-18 06:10:01.721866
小妖~~~~~~~~~~~~~~~~
已存在 超女第三季
已存在 丛林女超人
已存在 无敌破坏王2：大闹互联网
已存在 流浪猫鲍勃
已存在 无名之辈
影院~~~~~~~~
已存在 毒液：致命守护者
已存在 大黄蜂
已存在 海王
已存在 李茶的姑妈
没有~~~~~~~~~ 回溯者
豆瓣被调用失败-----------
成功的存到数据了 回溯者
DY186~~~~~~~~~~~
已存在 大黄蜂
已存在 神奇动物：格林德沃之罪
已存在 特种兵归来3：绝密战场
已存在 李茶的姑妈
已存在 特种兵归来2：黑色罂粟
下载完成

 2018-12-19 06:10:02.171421
小妖~~~~~~~~~~~~~~~~
已存在 超女第三季
已存在 丛林女超人
已存在 无敌破坏王2：大闹互联网
已存在 流浪猫鲍勃
已存在 无名之辈
影院~~~~~~~~
已存在 海王
已存在 大黄蜂
没有~~~~~~~~~ 中国合伙人2
豆瓣被调用失败-----------
成功的存到数据了 中国合伙人2
已存在 毒液：致命守护者
没有~~~~~~~~~ 黄飞鸿之怒海雄风
豆瓣被调用失败-----------
成功的存到数据了 黄飞鸿之怒海雄风
DY186~~~~~~~~~~~
已存在 黄飞鸿之怒海雄风
已存在 中国合伙人2
已存在 海王
已存在 憨豆特工3
已存在 大黄蜂
下载完成

 2018-12-20 06:10:01.964261
小妖~~~~~~~~~~~~~~~~
已存在 超女第三季
已存在 丛林女超人
已存在 无敌破坏王2：大闹互联网
已存在 流浪猫鲍勃
已存在 无名之辈
影院~~~~~~~~
已存在 海王
已存在 大黄蜂
已存在 黄飞鸿之怒海雄风
已存在 毒液：致命守护者
已存在 中国合伙人2
DY186~~~~~~~~~~~
没有~~~~~~~~~ 黑暗迷宫
豆瓣被调用失败-----------
成功的存到数据了 黑暗迷宫
已存在 黄飞鸿之怒海雄风
已存在 中国合伙人2
已存在 海王
已存在 憨豆特工3
下载完成

 2018-12-21 06:10:02.049401
小妖~~~~~~~~~~~~~~~~
已存在 超女第三季
已存在 丛林女超人
已存在 无敌破坏王2：大闹互联网
已存在 流浪猫鲍勃
已存在 无名之辈
影院~~~~~~~~
已存在 海王
已存在 黄飞鸿之怒海雄风
已存在 无双
已存在 大黄蜂
已存在 毒液：致命守护者
DY186~~~~~~~~~~~
已存在 无双
已存在 黑暗迷宫
已存在 黄飞鸿之怒海雄风
已存在 中国合伙人2
已存在 海王
下载完成

 2018-12-22 06:10:01.619866
小妖~~~~~~~~~~~~~~~~
已存在 超女第三季
已存在 丛林女超人
已存在 无敌破坏王2：大闹互联网
已存在 流浪猫鲍勃
已存在 无名之辈
影院~~~~~~~~
已存在 海王
没有~~~~~~~~~ 天气预爆
豆瓣被调用失败-----------
成功的存到数据了 天气预爆
已存在 黄飞鸿之怒海雄风
已存在 无双
已存在 大黄蜂
DY186~~~~~~~~~~~
没有~~~~~~~~~ 蜘蛛侠：平行宇宙
豆瓣被调用失败-----------
成功的存到数据了 蜘蛛侠：平行宇宙
已存在 天气预爆
没有~~~~~~~~~ 叶问外传：张天志
豆瓣被调用失败-----------
成功的存到数据了 叶问外传：张天志
已存在 无双
已存在 黑暗迷宫
下载完成

 2018-12-23 06:10:01.842309
小妖~~~~~~~~~~~~~~~~
已存在 超女第三季
已存在 丛林女超人
已存在 无敌破坏王2：大闹互联网
已存在 流浪猫鲍勃
已存在 无名之辈
影院~~~~~~~~
已存在 天气预爆
没有~~~~~~~~~ 武林怪兽
豆瓣被调用了
成功的存到数据了 武林怪兽
已存在 海王
已存在 大黄蜂
已存在 毒液：致命守护者
DY186~~~~~~~~~~~
已存在 天气预爆
已存在 武林怪兽
没有~~~~~~~~~ 特种保镖2
豆瓣被调用了
成功的存到数据了 特种保镖2
已存在 蜘蛛侠：平行宇宙
已存在 叶问外传：张天志
下载完成

 2018-12-24 06:10:02.055191
小妖~~~~~~~~~~~~~~~~
已存在 超女第三季
已存在 丛林女超人
已存在 无敌破坏王2：大闹互联网
已存在 流浪猫鲍勃
已存在 无名之辈
影院~~~~~~~~
已存在 天气预爆
已存在 武林怪兽
已存在 海王
已存在 大黄蜂
已存在 毒液：致命守护者
DY186~~~~~~~~~~~
已存在 天气预爆
已存在 武林怪兽
已存在 特种保镖2
已存在 蜘蛛侠：平行宇宙
已存在 叶问外传：张天志
下载完成

 2018-12-25 06:10:01.845382
小妖~~~~~~~~~~~~~~~~
已存在 超女第三季
已存在 丛林女超人
已存在 无敌破坏王2：大闹互联网
已存在 流浪猫鲍勃
已存在 无名之辈
影院~~~~~~~~
已存在 天气预爆
已存在 武林怪兽
已存在 海王
已存在 大黄蜂
已存在 毒液：致命守护者
DY186~~~~~~~~~~~
已存在 天气预爆
已存在 武林怪兽
已存在 特种保镖2
已存在 蜘蛛侠：平行宇宙
已存在 叶问外传：张天志
下载完成

 2018-12-26 06:10:01.363129
小妖~~~~~~~~~~~~~~~~
已存在 超女第三季
已存在 丛林女超人
已存在 无敌破坏王2：大闹互联网
已存在 流浪猫鲍勃
已存在 无名之辈
影院~~~~~~~~
已存在 海王
已存在 黄飞鸿之怒海雄风
已存在 天气预爆
已存在 武林怪兽
已存在 大黄蜂
DY186~~~~~~~~~~~
已存在 天气预爆
已存在 武林怪兽
已存在 特种保镖2
已存在 蜘蛛侠：平行宇宙
已存在 叶问外传：张天志
下载完成

 2018-12-27 06:10:01.593497
小妖~~~~~~~~~~~~~~~~
已存在 超女第三季
已存在 丛林女超人
已存在 无敌破坏王2：大闹互联网
已存在 流浪猫鲍勃
已存在 无名之辈
影院~~~~~~~~
已存在 海王
已存在 天气预爆
已存在 武林怪兽
已存在 大黄蜂
已存在 黄飞鸿之怒海雄风
DY186~~~~~~~~~~~
没有~~~~~~~~~ 淡蓝琥珀
豆瓣被调用了
成功的存到数据了 淡蓝琥珀
已存在 天气预爆
已存在 武林怪兽
已存在 特种保镖2
已存在 蜘蛛侠：平行宇宙
下载完成

 2018-12-28 06:10:01.899276
小妖~~~~~~~~~~~~~~~~
已存在 超女第三季
已存在 丛林女超人
已存在 无敌破坏王2：大闹互联网
已存在 流浪猫鲍勃
已存在 无名之辈
影院~~~~~~~~
已存在 海王
已存在 天气预爆
已存在 黄飞鸿之怒海雄风
已存在 武林怪兽
已存在 大黄蜂
DY186~~~~~~~~~~~
没有~~~~~~~~~ 失控之枪林弹雨
豆瓣被调用了
成功的存到数据了 失控之枪林弹雨
已存在 淡蓝琥珀
已存在 天气预爆
已存在 武林怪兽
已存在 特种保镖2
下载完成

 2018-12-29 06:10:01.859361
小妖~~~~~~~~~~~~~~~~
已存在 超女第三季
已存在 丛林女超人
已存在 无敌破坏王2：大闹互联网
已存在 流浪猫鲍勃
已存在 无名之辈
影院~~~~~~~~
已存在 海王
已存在 天气预爆
已存在 黄飞鸿之怒海雄风
已存在 武林怪兽
已存在 大黄蜂
DY186~~~~~~~~~~~
已存在 铁血战士
已存在 失控之枪林弹雨
已存在 淡蓝琥珀
已存在 天气预爆
已存在 武林怪兽
下载完成

 2018-12-30 06:10:01.402071
小妖~~~~~~~~~~~~~~~~
已存在 超女第三季
已存在 丛林女超人
已存在 无敌破坏王2：大闹互联网
已存在 流浪猫鲍勃
已存在 无名之辈
影院~~~~~~~~
没有~~~~~~~~~ 云南虫谷
豆瓣被调用了
成功的存到数据了 云南虫谷
没有~~~~~~~~~ 断片之险途夺宝
豆瓣被调用了
成功的存到数据了 断片之险途夺宝
没有~~~~~~~~~ 来电狂响
豆瓣被调用了
成功的存到数据了 来电狂响
已存在 海王
已存在 天气预爆
DY186~~~~~~~~~~~
已存在 云南虫谷
已存在 来电狂响
已存在 断片之险途夺宝
已存在 铁血战士
已存在 失控之枪林弹雨
下载完成

 2018-12-31 06:10:01.765343
小妖~~~~~~~~~~~~~~~~
已存在 超女第三季
已存在 丛林女超人
已存在 无敌破坏王2：大闹互联网
已存在 流浪猫鲍勃
已存在 无名之辈
影院~~~~~~~~
已存在 武林怪兽
没有~~~~~~~~~ 东海龙棺
豆瓣被调用了
成功的存到数据了 东海龙棺
已存在 断片之险途夺宝
已存在 来电狂响
已存在 海王
DY186~~~~~~~~~~~
没有~~~~~~~~~ 深宫碟影
豆瓣被调用了
成功的存到数据了 深宫碟影
已存在 冰封侠：时空行者
已存在 云南虫谷
已存在 来电狂响
已存在 断片之险途夺宝
下载完成

 2019-01-01 06:10:01.679414
小妖~~~~~~~~~~~~~~~~
已存在 超女第三季
已存在 丛林女超人
已存在 无敌破坏王2：大闹互联网
已存在 流浪猫鲍勃
已存在 无名之辈
影院~~~~~~~~
已存在 云南虫谷
已存在 东海龙棺
已存在 海王
已存在 武林怪兽
已存在 断片之险途夺宝
DY186~~~~~~~~~~~
没有~~~~~~~~~ 地球最后的夜晚
豆瓣被调用了
成功的存到数据了 地球最后的夜晚
已存在 深宫碟影
已存在 冰封侠：时空行者
已存在 云南虫谷
已存在 来电狂响
下载完成

 2019-01-02 06:10:01.946021
小妖~~~~~~~~~~~~~~~~
已存在 超女第三季
已存在 丛林女超人
已存在 无敌破坏王2：大闹互联网
已存在 流浪猫鲍勃
已存在 无名之辈
影院~~~~~~~~
已存在 云南虫谷
已存在 东海龙棺
已存在 海王
已存在 武林怪兽
已存在 断片之险途夺宝
DY186~~~~~~~~~~~
没有~~~~~~~~~ 好汉三条半
豆瓣被调用了
成功的存到数据了 好汉三条半
已存在 云南虫谷
已存在 来电狂响
已存在 地球最后的夜晚
已存在 深宫碟影
下载完成

 2019-01-03 06:10:02.242515
小妖~~~~~~~~~~~~~~~~
已存在 超女第三季
已存在 丛林女超人
已存在 无敌破坏王2：大闹互联网
已存在 流浪猫鲍勃
已存在 无名之辈
影院~~~~~~~~
已存在 云南虫谷
已存在 东海龙棺
已存在 海王
已存在 武林怪兽
已存在 来电狂响
DY186~~~~~~~~~~~
没有~~~~~~~~~ 印度暴徒
豆瓣被调用了
成功的存到数据了 印度暴徒
已存在 好汉三条半
已存在 云南虫谷
已存在 来电狂响
已存在 地球最后的夜晚
下载完成

 2019-01-04 06:10:02.265309
小妖~~~~~~~~~~~~~~~~
已存在 超女第三季
已存在 丛林女超人
已存在 无敌破坏王2：大闹互联网
已存在 流浪猫鲍勃
已存在 无名之辈
影院~~~~~~~~
已存在 云南虫谷
已存在 毒液：致命守护者
已存在 海王
已存在 东海龙棺
已存在 武林怪兽
DY186~~~~~~~~~~~
已存在 无名之辈
已存在 印度暴徒
已存在 好汉三条半
已存在 云南虫谷
已存在 来电狂响
下载完成

 2019-01-05 06:10:01.993886
小妖~~~~~~~~~~~~~~~~
已存在 超女第三季
已存在 丛林女超人
已存在 无敌破坏王2：大闹互联网
已存在 流浪猫鲍勃
已存在 无名之辈
影院~~~~~~~~
已存在 云南虫谷
已存在 毒液：致命守护者
已存在 海王
已存在 东海龙棺
已存在 武林怪兽
DY186~~~~~~~~~~~
已存在 东海龙棺
已存在 无名之辈
已存在 印度暴徒
已存在 好汉三条半
已存在 云南虫谷
下载完成

 2019-01-06 06:10:01.858214
小妖~~~~~~~~~~~~~~~~
已存在 超女第三季
已存在 丛林女超人
已存在 无敌破坏王2：大闹互联网
已存在 流浪猫鲍勃
已存在 无名之辈
影院~~~~~~~~
已存在 云南虫谷
已存在 毒液：致命守护者
已存在 海王
已存在 无名之辈
DY186~~~~~~~~~~~
已存在 大黄蜂
没有~~~~~~~~~ 猛龙行动之绝密代码

 2019-01-07 06:10:02.231938
小妖~~~~~~~~~~~~~~~~
已存在 超女第三季
已存在 丛林女超人
已存在 无敌破坏王2：大闹互联网
已存在 流浪猫鲍勃
已存在 无名之辈
影院~~~~~~~~
已存在 云南虫谷
已存在 毒液：致命守护者
已存在 海王
已存在 无名之辈
DY186~~~~~~~~~~~
没有~~~~~~~~~ 狗十三
豆瓣被调用了
成功的存到数据了 狗十三
没有~~~~~~~~~ 大人物
豆瓣被调用了
成功的存到数据了 大人物
已存在 大黄蜂
没有~~~~~~~~~ 猛龙行动之绝密代码

 2019-01-08 06:10:02.365769
小妖~~~~~~~~~~~~~~~~
已存在 超女第三季
已存在 丛林女超人
已存在 无敌破坏王2：大闹互联网
已存在 流浪猫鲍勃
已存在 无名之辈
影院~~~~~~~~
已存在 云南虫谷
已存在 毒液：致命守护者
已存在 海王
已存在 无名之辈
DY186~~~~~~~~~~~
已存在 狗十三
已存在 大人物
已存在 大黄蜂
没有~~~~~~~~~ 猛龙行动之绝密代码

 2019-01-09 06:10:01.779178
小妖~~~~~~~~~~~~~~~~
已存在 超女第三季
已存在 丛林女超人
已存在 无敌破坏王2：大闹互联网
已存在 流浪猫鲍勃
已存在 无名之辈
影院~~~~~~~~
已存在 云南虫谷
已存在 毒液：致命守护者
已存在 海王
已存在 无名之辈
DY186~~~~~~~~~~~
已存在 狗十三
已存在 大人物
已存在 大黄蜂
没有~~~~~~~~~ 猛龙行动之绝密代码

 2019-01-10 06:10:02.200383
小妖~~~~~~~~~~~~~~~~
已存在 超女第三季
已存在 丛林女超人
已存在 无敌破坏王2：大闹互联网
已存在 流浪猫鲍勃
已存在 无名之辈
影院~~~~~~~~
已存在 毒液：致命守护者
已存在 云南虫谷
已存在 海王
已存在 无名之辈
DY186~~~~~~~~~~~
没有~~~~~~~~~ 惊涛飓浪
豆瓣被调用了
成功的存到数据了 惊涛飓浪
已存在 狗十三
已存在 大人物
已存在 大黄蜂
没有~~~~~~~~~ 猛龙行动之绝密代码

 2019-01-11 06:10:03.226686
小妖~~~~~~~~~~~~~~~~
已存在 超女第三季
已存在 丛林女超人
已存在 无敌破坏王2：大闹互联网
已存在 流浪猫鲍勃
已存在 无名之辈
影院~~~~~~~~
已存在 毒液：致命守护者
已存在 海王
已存在 云南虫谷
没有~~~~~~~~~ 终结的开始2
豆瓣被调用了
成功的存到数据了 终结的开始2
没有~~~~~~~~~ 超凡斗灵师
豆瓣被调用了
成功的存到数据了 超凡斗灵师
DY186~~~~~~~~~~~
已存在 惊涛飓浪
已存在 狗十三
已存在 大人物
已存在 大黄蜂
没有~~~~~~~~~ 猛龙行动之绝密代码

 2019-01-12 06:10:01.909466
小妖~~~~~~~~~~~~~~~~
已存在 超女第三季
已存在 丛林女超人
已存在 无敌破坏王2：大闹互联网
已存在 流浪猫鲍勃
已存在 无名之辈
影院~~~~~~~~
已存在 大黄蜂
已存在 海王
已存在 毒液：致命守护者
已存在 云南虫谷
DY186~~~~~~~~~~~
已存在 大黄蜂
没有~~~~~~~~~ 汝海风云
豆瓣被调用了
成功的存到数据了 汝海风云
已存在 惊涛飓浪
已存在 狗十三
已存在 大人物
下载完成

 2019-01-13 06:10:02.369103
小妖~~~~~~~~~~~~~~~~
已存在 超女第三季
已存在 丛林女超人
已存在 无敌破坏王2：大闹互联网
已存在 流浪猫鲍勃
已存在 无名之辈
影院~~~~~~~~
已存在 海王
已存在 大黄蜂
已存在 毒液：致命守护者
已存在 云南虫谷
DY186~~~~~~~~~~~
已存在 大黄蜂
已存在 汝海风云
已存在 惊涛飓浪
已存在 狗十三
已存在 大人物
下载完成

 2019-01-14 06:10:01.804190
小妖~~~~~~~~~~~~~~~~
已存在 超女第三季
已存在 丛林女超人
已存在 无敌破坏王2：大闹互联网
已存在 流浪猫鲍勃
已存在 无名之辈
影院~~~~~~~~
已存在 毒液：致命守护者
已存在 海王
没有~~~~~~~~~ 白蛇：缘起
豆瓣被调用了
成功的存到数据了 白蛇：缘起
DY186~~~~~~~~~~~
已存在 大黄蜂
已存在 汝海风云
已存在 惊涛飓浪
已存在 狗十三
已存在 大人物
下载完成

 2019-01-15 06:10:02.280654
小妖~~~~~~~~~~~~~~~~
已存在 超女第三季
已存在 丛林女超人
已存在 无敌破坏王2：大闹互联网
已存在 流浪猫鲍勃
已存在 无名之辈
影院~~~~~~~~
已存在 毒液：致命守护者
已存在 海王
没有~~~~~~~~~ 江湖英雄联盟之血瞳杀机
豆瓣被调用了
成功的存到数据了 江湖英雄联盟之血瞳杀机
已存在 白蛇：缘起
DY186~~~~~~~~~~~
没有~~~~~~~~~ 印度合伙人
豆瓣被调用了
成功的存到数据了 印度合伙人
已存在 大黄蜂
已存在 汝海风云
已存在 惊涛飓浪
已存在 狗十三
下载完成

 2019-01-16 06:10:01.361253
小妖~~~~~~~~~~~~~~~~
已存在 超女第三季
已存在 丛林女超人
已存在 无敌破坏王2：大闹互联网
已存在 流浪猫鲍勃
已存在 无名之辈
影院~~~~~~~~
已存在 毒液：致命守护者
已存在 大黄蜂
已存在 海王
没有~~~~~~~~~ 奎迪：英雄再起
豆瓣被调用了
成功的存到数据了 奎迪：英雄再起
已存在 江湖英雄联盟之血瞳杀机
DY186~~~~~~~~~~~
没有~~~~~~~~~ 开封降魔记
豆瓣被调用了
成功的存到数据了 开封降魔记
已存在 印度合伙人
已存在 大黄蜂
已存在 汝海风云
已存在 惊涛飓浪
下载完成

 2019-01-17 06:10:01.360469
小妖~~~~~~~~~~~~~~~~
已存在 超女第三季
已存在 丛林女超人
已存在 无敌破坏王2：大闹互联网
已存在 流浪猫鲍勃
已存在 神奇动物：格林德沃之罪
影院~~~~~~~~
已存在 大黄蜂
已存在 毒液：致命守护者
已存在 海王
已存在 奎迪：英雄再起
已存在 江湖英雄联盟之血瞳杀机
DY186~~~~~~~~~~~
没有~~~~~~~~~ 救僵清道夫
豆瓣被调用了
成功的存到数据了 救僵清道夫
已存在 开封降魔记
已存在 印度合伙人
已存在 大黄蜂
已存在 汝海风云
下载完成

 2019-01-18 06:10:02.968922
小妖~~~~~~~~~~~~~~~~
已存在 超女第三季
已存在 丛林女超人
已存在 无敌破坏王2：大闹互联网
已存在 流浪猫鲍勃
已存在 神奇动物：格林德沃之罪
影院~~~~~~~~
已存在 毒液：致命守护者
已存在 大黄蜂
已存在 海王
没有~~~~~~~~~ 锦衣神探
豆瓣被调用了
成功的存到数据了 锦衣神探
已存在 奎迪：英雄再起
DY186~~~~~~~~~~~
已存在 救僵清道夫
已存在 开封降魔记
已存在 印度合伙人
已存在 大黄蜂
已存在 汝海风云
下载完成

 2019-01-19 06:10:01.458641
小妖~~~~~~~~~~~~~~~~
已存在 超女第三季
已存在 丛林女超人
已存在 无敌破坏王2：大闹互联网
已存在 流浪猫鲍勃
已存在 神奇动物：格林德沃之罪
影院~~~~~~~~
已存在 海王
已存在 毒液：致命守护者
没有~~~~~~~~~ 家和万事惊
豆瓣被调用了
成功的存到数据了 家和万事惊
已存在 天气预爆
已存在 无双
DY186~~~~~~~~~~~
已存在 家和万事惊
没有~~~~~~~~~ 密室逃生
豆瓣被调用了
成功的存到数据了 密室逃生
已存在 救僵清道夫
已存在 开封降魔记
已存在 印度合伙人
下载完成

 2019-01-20 06:10:02.176616
小妖~~~~~~~~~~~~~~~~
已存在 超女第三季
已存在 丛林女超人
已存在 无敌破坏王2：大闹互联网
已存在 流浪猫鲍勃
已存在 神奇动物：格林德沃之罪
影院~~~~~~~~
已存在 大黄蜂
已存在 海王
已存在 毒液：致命守护者
已存在 家和万事惊
没有~~~~~~~~~ 霍元甲之精武天下
豆瓣被调用了
成功的存到数据了 霍元甲之精武天下
DY186~~~~~~~~~~~
没有~~~~~~~~~ 刺杀风云
豆瓣被调用了
成功的存到数据了 刺杀风云
已存在 大黄蜂
已存在 家和万事惊
已存在 密室逃生
已存在 救僵清道夫
下载完成

 2019-01-21 06:10:01.503899
小妖~~~~~~~~~~~~~~~~
已存在 超女第三季
已存在 丛林女超人
已存在 无敌破坏王2：大闹互联网
已存在 流浪猫鲍勃
已存在 神奇动物：格林德沃之罪
影院~~~~~~~~
已存在 大黄蜂
已存在 海王
已存在 毒液：致命守护者
已存在 家和万事惊
已存在 霍元甲之精武天下
DY186~~~~~~~~~~~
已存在 刺杀风云
已存在 大黄蜂
已存在 家和万事惊
已存在 密室逃生
已存在 救僵清道夫
下载完成

 2019-01-22 06:10:01.872178
小妖~~~~~~~~~~~~~~~~
已存在 超女第三季
已存在 丛林女超人
已存在 无敌破坏王2：大闹互联网
已存在 流浪猫鲍勃
已存在 神奇动物：格林德沃之罪
影院~~~~~~~~
已存在 海王
已存在 大黄蜂
已存在 毒液：致命守护者
已存在 家和万事惊
已存在 霍元甲之精武天下
DY186~~~~~~~~~~~
没有~~~~~~~~~ 差等生乔曦
豆瓣被调用了
成功的存到数据了 差等生乔曦
已存在 胡桃夹子和四个王国
已存在 刺杀风云
已存在 大黄蜂
已存在 家和万事惊
下载完成

 2019-01-23 06:10:02.054478
小妖~~~~~~~~~~~~~~~~
已存在 超女第三季
已存在 丛林女超人
已存在 无敌破坏王2：大闹互联网
已存在 流浪猫鲍勃
已存在 神奇动物：格林德沃之罪
影院~~~~~~~~
已存在 海王
没有~~~~~~~~~ 宝塔镇河妖2绝世妖龙
豆瓣被调用了
成功的存到数据了 宝塔镇河妖2绝世妖龙
已存在 大黄蜂
已存在 毒液：致命守护者
已存在 家和万事惊
DY186~~~~~~~~~~~
没有~~~~~~~~~ 宝塔镇河妖之绝世妖龙
豆瓣被调用了
成功的存到数据了 宝塔镇河妖之绝世妖龙
已存在 差等生乔曦
已存在 胡桃夹子和四个王国
已存在 刺杀风云
已存在 大黄蜂
下载完成

 2019-01-24 06:10:01.746213
小妖~~~~~~~~~~~~~~~~
已存在 超女第三季
已存在 丛林女超人
已存在 无敌破坏王2：大闹互联网
已存在 流浪猫鲍勃
已存在 神奇动物：格林德沃之罪
影院~~~~~~~~
已存在 海王
已存在 宝塔镇河妖2绝世妖龙
已存在 大黄蜂
已存在 毒液：致命守护者
已存在 家和万事惊
DY186~~~~~~~~~~~
已存在 宝塔镇河妖之绝世妖龙
已存在 差等生乔曦
已存在 胡桃夹子和四个王国
已存在 刺杀风云
已存在 大黄蜂
下载完成

 2019-01-25 06:10:01.546258
小妖~~~~~~~~~~~~~~~~
已存在 超女第三季
已存在 丛林女超人
已存在 无敌破坏王2：大闹互联网
已存在 流浪猫鲍勃
已存在 神奇动物：格林德沃之罪
影院~~~~~~~~
已存在 海王
已存在 大黄蜂
已存在 宝塔镇河妖2绝世妖龙
没有~~~~~~~~~ 掠食城市：致命引擎
豆瓣被调用了
成功的存到数据了 掠食城市：致命引擎
已存在 天气预爆
DY186~~~~~~~~~~~
已存在 天气预爆
已存在 中国蓝盔
已存在 宝塔镇河妖之绝世妖龙
已存在 差等生乔曦
已存在 胡桃夹子和四个王国
下载完成

 2019-01-26 06:10:01.541351
小妖~~~~~~~~~~~~~~~~
已存在 超女第三季
已存在 丛林女超人
已存在 无敌破坏王2：大闹互联网
已存在 流浪猫鲍勃
已存在 神奇动物：格林德沃之罪
影院~~~~~~~~
已存在 毒液：致命守护者
已存在 海王
已存在 大黄蜂
没有~~~~~~~~~ 唐伯虎点秋香2019
豆瓣被调用了
成功的存到数据了 唐伯虎点秋香2019
没有~~~~~~~~~ 背叛
豆瓣被调用了
成功的存到数据了 背叛
DY186~~~~~~~~~~~
已存在 天气预爆
已存在 中国蓝盔
已存在 宝塔镇河妖之绝世妖龙
已存在 差等生乔曦
已存在 胡桃夹子和四个王国
下载完成

 2019-01-27 06:10:01.695006
小妖~~~~~~~~~~~~~~~~
已存在 超女第三季
已存在 丛林女超人
已存在 无敌破坏王2：大闹互联网
已存在 流浪猫鲍勃
已存在 神奇动物：格林德沃之罪
影院~~~~~~~~
已存在 毒液：致命守护者
已存在 海王
已存在 大黄蜂
没有~~~~~~~~~ 大侦探霍桑
豆瓣被调用了
成功的存到数据了 大侦探霍桑
已存在 唐伯虎点秋香2019
DY186~~~~~~~~~~~
已存在 唐伯虎点秋香2019
已存在 大侦探霍桑
已存在 天气预爆
已存在 中国蓝盔
已存在 宝塔镇河妖之绝世妖龙
下载完成

 2019-01-28 06:10:03.368696
小妖~~~~~~~~~~~~~~~~
已存在 超女第三季
已存在 丛林女超人
已存在 无敌破坏王2：大闹互联网
已存在 流浪猫鲍勃
已存在 神奇动物：格林德沃之罪
影院~~~~~~~~
已存在 毒液：致命守护者
已存在 海王
已存在 大黄蜂
已存在 大侦探霍桑
已存在 唐伯虎点秋香2019
DY186~~~~~~~~~~~
已存在 唐伯虎点秋香2019
已存在 大侦探霍桑
已存在 天气预爆
已存在 中国蓝盔
已存在 宝塔镇河妖之绝世妖龙
下载完成

 2019-01-29 06:10:02.209814
小妖~~~~~~~~~~~~~~~~
已存在 超女第三季
已存在 丛林女超人
已存在 无敌破坏王2：大闹互联网
已存在 流浪猫鲍勃
已存在 神奇动物：格林德沃之罪
影院~~~~~~~~
已存在 海王
已存在 毒液：致命守护者
已存在 大黄蜂
已存在 大侦探霍桑
已存在 唐伯虎点秋香2019
DY186~~~~~~~~~~~
已存在 印度暴徒
没有~~~~~~~~~ 章西女王
豆瓣被调用了
成功的存到数据了 章西女王
没有~~~~~~~~~ 王者少年
豆瓣被调用了
成功的存到数据了 王者少年
已存在 唐伯虎点秋香2019
已存在 大侦探霍桑
下载完成

 2019-01-30 06:10:01.464607
小妖~~~~~~~~~~~~~~~~

 2019-01-31 06:10:02.528380
小妖~~~~~~~~~~~~~~~~

 2019-02-01 06:10:02.290256
小妖~~~~~~~~~~~~~~~~

 2019-02-02 06:10:01.513752
小妖~~~~~~~~~~~~~~~~

 2019-02-03 06:10:02.296506
小妖~~~~~~~~~~~~~~~~

 2019-02-04 06:10:02.063144
小妖~~~~~~~~~~~~~~~~

 2019-02-05 06:10:01.865025
小妖~~~~~~~~~~~~~~~~

 2019-02-06 06:10:01.642243
小妖~~~~~~~~~~~~~~~~

 2019-02-07 06:10:02.615362
小妖~~~~~~~~~~~~~~~~

 2019-02-08 06:10:02.051915
小妖~~~~~~~~~~~~~~~~

 2019-02-09 06:10:01.781698
小妖~~~~~~~~~~~~~~~~

 2019-02-10 06:10:02.364266
小妖~~~~~~~~~~~~~~~~

 2019-02-11 06:10:01.658623
小妖~~~~~~~~~~~~~~~~

 2019-02-12 06:10:01.573424
小妖~~~~~~~~~~~~~~~~

 2019-02-13 06:10:02.028398
小妖~~~~~~~~~~~~~~~~

 2019-02-14 06:10:01.639197
小妖~~~~~~~~~~~~~~~~

 2019-02-15 06:10:01.662510
小妖~~~~~~~~~~~~~~~~

 2019-02-16 06:10:01.496341
小妖~~~~~~~~~~~~~~~~

 2019-02-17 06:10:01.513638
小妖~~~~~~~~~~~~~~~~

 2019-02-18 06:10:02.040028
小妖~~~~~~~~~~~~~~~~

 2019-02-19 06:10:02.060449
小妖~~~~~~~~~~~~~~~~

 2019-02-20 06:10:01.544421
小妖~~~~~~~~~~~~~~~~

 2019-02-21 06:10:02.126650
小妖~~~~~~~~~~~~~~~~

 2019-02-22 06:10:02.162806
小妖~~~~~~~~~~~~~~~~

 2019-02-23 06:10:01.973767
小妖~~~~~~~~~~~~~~~~

 2019-02-24 06:10:02.592787
小妖~~~~~~~~~~~~~~~~

 2019-02-25 06:10:01.519427
小妖~~~~~~~~~~~~~~~~
