2018-12-09 06:30:02.532318
Izqut~~~~~~~~~~
Arzu
已存在 ئالۋاستى تۇتۇش خاتىرىسى2
已存在 ئالۋاستى تۇتۇش خاتىرىسى
已存在 جۇڭگۇلۇقلار كوچىسىدىكى ئەزىمەت
已存在 ئويۇننى داۋاملاشتۇرۇش
已存在 ئاسمان گۇمبىزى
已存在 قىزىل دېڭىزدىكى قۇتقۇزۇش ھەرىكىتى
保存成功
已存在 21 كارات
保存成功
已存在 مىليونىر ئىت
保存成功
保存成功
保存成功
保存成功
保存成功
已存在 زەھەر 
保存成功
保存成功
保存成功
保存成功
已存在 تۆت قېرىنداش
保存成功
已存在 يۈگا گۇمپىسى
保存成功
保存成功
保存成功
已存在 ئاپام ئىككىمىز بىللە ياتلىق بولىمىز 1-28
已存在 چىرايلىقنىڭ دەردى 1-20
已存在 مۇھەببەتكە تولغان ھايات
保存成功
保存成功
保存成功
保存成功
保存成功
已存在 دەريا بويىدىكى ھېكايە
已存在 ئۇچقۇر قۇلۇلە
保存成功
保存成功
已存在 يىپەك يولى ساداسى
已存在 تالانت سەھنىسى
已存在 تەلەي يۇلتۇزى
已存在 يېڭى ناۋا
已存在 قانۇن ۋە پۇقرا
已存在 بويىكا 4- بۆلۈمى (ئۆزتىل)
已存在 بوكىس شاھى : قايتۇرما زەربە 
已存在 复仇者联盟3-国语高清版
已存在 چوڭ ئاغا - جېن زىدەن
已存在 قىزىل دېڭىزدىكى قۇتقۇزۇش ھەرىكىتى
已存在 127سائەت (ئۆزتىل)
下载完成
2018-12-10 06:30:01.782976
Izqut~~~~~~~~~~
Arzu
已存在 ئالۋاستى تۇتۇش خاتىرىسى2
已存在 ئالۋاستى تۇتۇش خاتىرىسى
已存在 جۇڭگۇلۇقلار كوچىسىدىكى ئەزىمەت
已存在 ئويۇننى داۋاملاشتۇرۇش
已存在 ئاسمان گۇمبىزى
已存在 پىلانىتلار ئارا ئۇرۇش 8
保存成功
保存成功
已存在 مىليونىر ئىت
已存在 قىزىل دېڭىزدىكى قۇتقۇزۇش ھەرىكىتى
已存在 جەڭ بۆرىسى 2 
保存成功
保存成功
保存成功
保存成功
已存在 زەھەر 
保存成功
保存成功
保存成功
保存成功
保存成功
保存成功
cannot write mode P as JPEG
保存成功
保存成功
保存成功
保存成功
保存成功
保存成功
保存成功
保存成功
保存成功
保存成功
已存在 ئەقىللىق جىمى
保存成功
保存成功
保存成功
已存在 ئېلاستىك قىز
已存在 يېڭى ناۋا
已存在 تالانت سەھنىسى
已存在 قانۇن ۋە پۇقرا
已存在 يىپەك يولى ساداسى
已存在 تەلەي يۇلتۇزى
已存在 127سائەت (ئۆزتىل)
已存在 دانگال - ئۆزتىل
已存在 چۈمىلە ئادەم 2 - بۆلۈم
HTTPSConnectionPool(host='pic.baba.cc', port=443): Max retries exceeded with url: /pic/uploadimg/2017-8/201781914511634386.jpg (Caused by NewConnectionError('<urllib3.connection.VerifiedHTTPSConnection object at 0x7fc72d6fff28>: Failed to establish a new connection: [Errno 110] Connection timed out',))
已存在 چوڭ ئاغا - جېن زىدەن
已存在 بويىكا 4- بۆلۈمى (ئۆزتىل)
下载完成
2018-12-11 06:30:02.538207
Izqut~~~~~~~~~~
Arzu
已存在 جەڭ بۆرىسى2-ئۇيغۇرچە
已存在 چىڭلوڭنىڭ ئەڭ يېڭى فىلىمى-ماشىنا ئادەم قېنى
已存在 ئالۋاستى تۇتۇش خاتىرىسى2
已存在 ئالۋاستى تۇتۇش خاتىرىسى
已存在 جۇڭگۇلۇقلار كوچىسىدىكى ئەزىمەت
已存在 مىليونىر ئىت
保存成功
已存在 پۇرچاق ئالاھىدە خادىم 3 - بۆلۈم (ئۆز تىل)
保存成功
保存成功
保存成功
保存成功
保存成功
保存成功
保存成功
保存成功
已存在 زەھەر 
保存成功
保存成功
保存成功
已存在 نىقاب 1-بۆلۈم
已存在 پولات پالۋان 2-بۆلۈم
已存在 تاشيولدىكى مۆجىزە
已存在 ئاخىرقى دوست
保存成功
保存成功
已存在 خازان بولغان ياشلىق
保存成功
已存在 چىرايلىقنىڭ دەردى 1-20
已存在 دالى ئائىلىسىدىكى ئىشلار 1-30
已存在 قېرىنداشلىق مېھرى 1-38
保存成功
保存成功
保存成功
cannot write mode RGBA as JPEG
已存在 دەريا بويىدىكى ھېكايە
保存成功
已存在 دىنازاۋور
已存在 يىپەك يولى ساداسى
已存在 تەلەي يۇلتۇزى
已存在 تالانت سەھنىسى
已存在 يېڭى ناۋا
已存在 قانۇن ۋە پۇقرا
已存在 پۇرچاق ئالاھىدە خادىم 3 - بۆلۈم (ئۆز تىل)
已存在 复仇者联盟3-国语高清版
保存成功
已存在 چوڭ ئاغا - جېن زىدەن
已存在 بوكىس شاھى : قايتۇرما زەربە 
已存在 چۈمىلە ئادەم 2 - بۆلۈم
下载完成
2018-12-12 06:30:02.248305
Izqut~~~~~~~~~~
Arzu
已存在 جەڭ بۆرىسى2-ئۇيغۇرچە
已存在 چىڭلوڭنىڭ ئەڭ يېڭى فىلىمى-ماشىنا ئادەم قېنى
已存在 ئالۋاستى تۇتۇش خاتىرىسى2
已存在 ئالۋاستى تۇتۇش خاتىرىسى
已存在 جۇڭگۇلۇقلار كوچىسىدىكى ئەزىمەت
保存成功
已存在 جەڭ بۆرىسى 2 
已存在 مىليونىر ئىت
已存在 قىزىل دېڭىزدىكى قۇتقۇزۇش ھەرىكىتى
已存在 21 كارات
保存成功
保存成功
保存成功
保存成功
保存成功
保存成功
已存在 زەھەر 
保存成功
保存成功
保存成功
保存成功
已存在 شائىر
已存在 يەرشارىنى قۇتقۇزۇش
保存成功
保存成功
保存成功
已存在 دالى ئائىلىسىدىكى ئىشلار 1-30
保存成功
保存成功
已存在 ساقچى مەكتىپى
保存成功
已存在 خازان بولغان ياشلىق
保存成功
已存在 پلانىتا تېررادىكى ئۇرۇش
保存成功
已存在 كۆك زېرەك 1-بۆلۈم
cannot write mode RGBA as JPEG
保存成功
已存在 يېڭى ناۋا
已存在 يىپەك يولى ساداسى
已存在 قانۇن ۋە پۇقرا
已存在 تالانت سەھنىسى
已存在 تەلەي يۇلتۇزى
已存在 بويىكا 4- بۆلۈمى (ئۆزتىل)
已存在 قىزىل دېڭىزدىكى قۇتقۇزۇش ھەرىكىتى
保存成功
已存在 زەھەر 
已存在 ئالاھىدە خادىم 3-بۆلۈم
已存在 动物世界-高清版
下载完成
2018-12-13 06:30:02.813222
Izqut~~~~~~~~~~
Arzu
已存在 جەڭ بۆرىسى2-ئۇيغۇرچە
已存在 چىڭلوڭنىڭ ئەڭ يېڭى فىلىمى-ماشىنا ئادەم قېنى
已存在 ئالۋاستى تۇتۇش خاتىرىسى2
已存在 ئالۋاستى تۇتۇش خاتىرىسى
已存在 جۇڭگۇلۇقلار كوچىسىدىكى ئەزىمەت
已存在 جەڭ بۆرىسى 2 
已存在 قىزىل دېڭىزدىكى قۇتقۇزۇش ھەرىكىتى
保存成功
保存成功
保存成功
已存在 مىليونىر ئىت
保存成功
保存成功
保存成功
保存成功
保存成功
已存在 زەھەر 
保存成功
保存成功
保存成功
保存成功
保存成功
保存成功
保存成功
保存成功
保存成功
已存在 بەخىت ئاسماندىن چۈشىدۇ 1-30 (2-بۆلۈم)
已存在 غېرىپ ئاتا 1-33
已存在 رومانتىك داچا
保存成功
保存成功
保存成功
保存成功
保存成功
保存成功
已存在 زېرەك بۆرە رىۋايىتى
已存在 رىقابەتچىلەر ئىتتىپاقى
已存在 قار خانىشنىڭ ئۆچ ئېلىشى
已存在 يىپەك يولى ساداسى
已存在 تەلەي يۇلتۇزى
已存在 يېڭى ناۋا
已存在 تالانت سەھنىسى
已存在 قانۇن ۋە پۇقرا
已存在 قىزىل دېڭىزدىكى قۇتقۇزۇش ھەرىكىتى
已存在 ئالاھىدە خادىم 3-بۆلۈم
已存在 پۇرچاق ئالاھىدە خادىم 3 - بۆلۈم (ئۆز تىل)
已存在 چوڭ ئاغا - جېن زىدەن
已存在 بويىكا 4- بۆلۈمى (ئۆزتىل)
已存在 127سائەت (ئۆزتىل)
下载完成
2018-12-14 06:30:02.143735
Izqut~~~~~~~~~~
Arzu
已存在 جەڭ بۆرىسى2-ئۇيغۇرچە
已存在 چىڭلوڭنىڭ ئەڭ يېڭى فىلىمى-ماشىنا ئادەم قېنى
已存在 ئالۋاستى تۇتۇش خاتىرىسى2
已存在 ئالۋاستى تۇتۇش خاتىرىسى
已存在 جۇڭگۇلۇقلار كوچىسىدىكى ئەزىمەت
已存在 جەڭ بۆرىسى 2 
保存成功
保存成功
保存成功
保存成功
保存成功
保存成功
保存成功
保存成功
保存成功
保存成功
保存成功
保存成功
已存在 زەھەر 
保存成功
已存在 ئەجەللىك زەربە
已存在 مۇردىلار ئۇرۇشى
已存在 ۋەھىمىلىك تېلېفون
已存在 پىداكار ساقچى
已存在 قوشماق باتۇرلار
保存成功
已存在 ئايرىس(1-بولۇم) تۇگدى
保存成功
已存在 تاغام 1-37
已存在 سۆيگۈ باھارى 1-36
保存成功
保存成功
已存在 ئاجايىپ رەسسام مالياڭ
保存成功
保存成功
已存在 ئاق ئورانگوتاننىڭ سەرگۈزەشتىسى
保存成功
已存在 ئۇيقۇدىكى مەلىكە
已存在 يىپەك يولى ساداسى
已存在 تالانت سەھنىسى
已存在 يېڭى ناۋا
已存在 تەلەي يۇلتۇزى
已存在 قانۇن ۋە پۇقرا
HTTPSConnectionPool(host='pic.baba.cc', port=443): Max retries exceeded with url: /pic/uploadimg/2017-8/201781914511634386.jpg (Caused by NewConnectionError('<urllib3.connection.VerifiedHTTPSConnection object at 0x7f02187c3208>: Failed to establish a new connection: [Errno 110] Connection timed out',))
已存在 复仇者联盟3-国语高清版
已存在 ئالاھىدە خادىم 3-بۆلۈم
已存在 چۈمىلە ئادەم 2 - بۆلۈم
已存在 دانگال - ئۆزتىل
已存在 动物世界-高清版
下载完成
2018-12-15 06:30:01.827286
Izqut~~~~~~~~~~
Arzu
已存在 جەڭ بۆرىسى2-ئۇيغۇرچە
已存在 چىڭلوڭنىڭ ئەڭ يېڭى فىلىمى-ماشىنا ئادەم قېنى
已存在 ئالۋاستى تۇتۇش خاتىرىسى2
已存在 ئالۋاستى تۇتۇش خاتىرىسى
已存在 جۇڭگۇلۇقلار كوچىسىدىكى ئەزىمەت
保存成功
保存成功
保存成功
已存在 مىليونىر ئىت
已存在 جەڭ بۆرىسى 2 
保存成功
保存成功
cannot write mode P as JPEG
保存成功
保存成功
保存成功
保存成功
保存成功
保存成功
保存成功
保存成功
已存在 لەھەڭ ساھىلى
保存成功
保存成功
已存在 رىشتىسى باغلانغان رەقىبلەر
保存成功
保存成功
保存成功
已存在 ئايرىس(1-بولۇم) تۇگدى
已存在 مۇھەببەتكە تولغان ھايات
保存成功
保存成功
已存在 شىر پادىشاھ
保存成功
保存成功
保存成功
保存成功
保存成功
已存在 يېڭى ناۋا
已存在 تالانت سەھنىسى
已存在 قانۇن ۋە پۇقرا
已存在 يىپەك يولى ساداسى
已存在 تەلەي يۇلتۇزى
已存在 چۈمىلە ئادەم 2 - بۆلۈم
已存在 بوكىس شاھى : قايتۇرما زەربە 
保存成功
已存在 ئالاھىدە خادىم 3-بۆلۈم
已存在 قىزىل دېڭىزدىكى قۇتقۇزۇش ھەرىكىتى
已存在 گۇمپا يۇگا
下载完成
2018-12-16 06:30:02.316689
Izqut~~~~~~~~~~
Arzu
已存在 جەڭ بۆرىسى2-ئۇيغۇرچە
已存在 چىڭلوڭنىڭ ئەڭ يېڭى فىلىمى-ماشىنا ئادەم قېنى
已存在 ئالۋاستى تۇتۇش خاتىرىسى2
已存在 ئالۋاستى تۇتۇش خاتىرىسى
已存在 جۇڭگۇلۇقلار كوچىسىدىكى ئەزىمەت
已存在 جەڭ بۆرىسى 2 
保存成功
已存在 21 كارات
已存在 پۇرچاق ئالاھىدە خادىم 3 - بۆلۈم (ئۆز تىل)
已存在 قىزىل دېڭىزدىكى قۇتقۇزۇش ھەرىكىتى
保存成功
保存成功
cannot write mode P as JPEG
保存成功
保存成功
保存成功
保存成功
保存成功
保存成功
保存成功
保存成功
已存在 قانخور چاشقان
已存在 قەھرىمان
保存成功
已存在 تەڭداشسىز ئايال خادىم
已存在 پوچتىكەش
保存成功
保存成功
保存成功
已存在 قېرى قىزنىڭ بەختى
保存成功
保存成功
已存在 كۈل قىز
保存成功
保存成功
保存成功
已存在 سامانيولىنى قوغدىغۇچى ئەزىمەتلەر
保存成功
已存在 قانۇن ۋە پۇقرا
已存在 تالانت سەھنىسى
已存在 يېڭى ناۋا
已存在 يىپەك يولى ساداسى
已存在 تەلەي يۇلتۇزى
已存在 ئالاھىدە خادىم 3-بۆلۈم
已存在 بويكا 4 (قانلىق ئېلىشىش) 2017-يىللىق يېڭى
已存在 زەھەر 
已存在 بوكىس شاھى : قايتۇرما زەربە 
保存成功
已存在 127سائەت (ئۆزتىل)
下载完成
2018-12-17 06:30:02.291328
Izqut~~~~~~~~~~
Arzu
已存在 جەڭ بۆرىسى2-ئۇيغۇرچە
已存在 چىڭلوڭنىڭ ئەڭ يېڭى فىلىمى-ماشىنا ئادەم قېنى
已存在 ئالۋاستى تۇتۇش خاتىرىسى2
已存在 ئالۋاستى تۇتۇش خاتىرىسى
已存在 جۇڭگۇلۇقلار كوچىسىدىكى ئەزىمەت
保存成功
保存成功
已存在 21 كارات
保存成功
已存在 پىلانىتلار ئارا ئۇرۇش 8
保存成功
保存成功
cannot write mode P as JPEG
保存成功
保存成功
保存成功
保存成功
保存成功
保存成功
保存成功
已存在 ئىلمىي فانتازىيە ئەزىمەتلىرى
已存在 بانگوكتىكى قاتىل
保存成功
已存在 ئۇچقۇر ئوغرى 1- بۆلۈم
保存成功
cannot write mode P as JPEG
保存成功
保存成功
保存成功
保存成功
保存成功
保存成功
保存成功
已存在 ئۇيقۇدىكى مەلىكە
保存成功
已存在 دىنازاۋور
保存成功
已存在 رىقابەتچىلەر ئىتتىپاقى
已存在 تەلەي يۇلتۇزى
已存在 قانۇن ۋە پۇقرا
已存在 يىپەك يولى ساداسى
已存在 يېڭى ناۋا
已存在 تالانت سەھنىسى
已存在 بويكا 4 (قانلىق ئېلىشىش) 2017-يىللىق يېڭى
HTTPSConnectionPool(host='pic.baba.cc', port=443): Max retries exceeded with url: /pic/uploadimg/2017-8/201781914511634386.jpg (Caused by SSLError(SSLError("bad handshake: SysCallError(104, 'ECONNRESET')",),))
已存在 چۈمىلە ئادەم 2 - بۆلۈم
已存在 动物世界-高清版
已存在 بوكىس شاھى : قايتۇرما زەربە 
已存在 بويىكا 4- بۆلۈمى (ئۆزتىل)
下载完成
2018-12-18 06:30:02.383251
Izqut~~~~~~~~~~
Arzu
已存在 جەڭ بۆرىسى2-ئۇيغۇرچە
已存在 چىڭلوڭنىڭ ئەڭ يېڭى فىلىمى-ماشىنا ئادەم قېنى
已存在 ئالۋاستى تۇتۇش خاتىرىسى2
已存在 ئالۋاستى تۇتۇش خاتىرىسى
已存在 جۇڭگۇلۇقلار كوچىسىدىكى ئەزىمەت
保存成功
保存成功
已存在 پۇرچاق ئالاھىدە خادىم 3 - بۆلۈم (ئۆز تىل)
已存在 21 كارات
保存成功
保存成功
保存成功
保存成功
cannot write mode P as JPEG
保存成功
保存成功
保存成功
保存成功
保存成功
保存成功
保存成功
已存在 قانخور چاشقان
保存成功
已存在 گۇمپا پىرى
已存在 ئاخىرقى دوست
保存成功
保存成功
保存成功
保存成功
已存在 پولات قانداق تاۋلاندى
保存成功
已存在 ئۇنتۇلماس كەچمىشلەر 1-40
已存在 ئۇيقۇدىكى مەلىكە
保存成功
保存成功
已存在 غەلىتە مەخلۇق شېرىك 3
已存在 ۋاسكېتبول ماھىرى
已存在 كۇبو
已存在 تەلەي يۇلتۇزى
已存在 تالانت سەھنىسى
已存在 قانۇن ۋە پۇقرا
已存在 يىپەك يولى ساداسى
已存在 يېڭى ناۋا
已存在 قىزىل دېڭىزدىكى قۇتقۇزۇش ھەرىكىتى
已存在 چۈمىلە ئادەم 2 - بۆلۈم
已存在 چوڭ ئاغا - جېن زىدەن
已存在 دانگال - ئۆزتىل
已存在 127سائەت (ئۆزتىل)
已存在 بويىكا 4- بۆلۈمى (ئۆزتىل)
下载完成
2018-12-19 06:30:02.517200
Izqut~~~~~~~~~~
Arzu
已存在 جەڭ بۆرىسى2-ئۇيغۇرچە
已存在 چىڭلوڭنىڭ ئەڭ يېڭى فىلىمى-ماشىنا ئادەم قېنى
已存在 ئالۋاستى تۇتۇش خاتىرىسى2
已存在 ئالۋاستى تۇتۇش خاتىرىسى
已存在 جۇڭگۇلۇقلار كوچىسىدىكى ئەزىمەت
保存成功
保存成功
保存成功
已存在 جەڭ بۆرىسى 2 
已存在 پىلانىتلار ئارا ئۇرۇش 8
保存成功
保存成功
保存成功
cannot write mode P as JPEG
保存成功
保存成功
保存成功
保存成功
保存成功
保存成功
保存成功
保存成功
已存在 پىلانتدكى ۋەھىمە
保存成功
保存成功
已存在 پىداكار ساقچى
保存成功
保存成功
保存成功
保存成功
已存在 ئاتا-ئانا مۇھەببىتى 1-45
保存成功
已存在 ئاشپەز چاشقان
保存成功
已存在 توشقان پىتىر
保存成功
保存成功
已存在 مۇزدەۋرى 5:پىلانېتلار ئارا سوقۇلۇش
已存在 يىپەك يولى ساداسى
已存在 يېڭى ناۋا
已存在 قانۇن ۋە پۇقرا
已存在 تالانت سەھنىسى
已存在 تەلەي يۇلتۇزى
已存在 بويكا 4 (قانلىق ئېلىشىش) 2017-يىللىق يېڭى
保存成功
已存在 بوكىس شاھى : قايتۇرما زەربە 
已存在 چوڭ ئاغا - جېن زىدەن
已存在 127سائەت (ئۆزتىل)
HTTPSConnectionPool(host='pic.baba.cc', port=443): Max retries exceeded with url: /pic/uploadimg/2017-8/201781914511634386.jpg (Caused by SSLError(SSLError("bad handshake: SysCallError(104, 'ECONNRESET')",),))
下载完成
2018-12-20 06:30:02.678994
Izqut~~~~~~~~~~
Arzu
已存在 جەڭ بۆرىسى2-ئۇيغۇرچە
已存在 چىڭلوڭنىڭ ئەڭ يېڭى فىلىمى-ماشىنا ئادەم قېنى
已存在 ئالۋاستى تۇتۇش خاتىرىسى2
已存在 ئالۋاستى تۇتۇش خاتىرىسى
已存在 جۇڭگۇلۇقلار كوچىسىدىكى ئەزىمەت
已存在 مىليونىر ئىت
保存成功
保存成功
保存成功
保存成功
已存在 پىلانىتلار ئارا ئۇرۇش 8
保存成功
保存成功
cannot identify image file <_io.BytesIO object at 0x7fbfab397e60>
保存成功
保存成功
保存成功
保存成功
保存成功
保存成功
保存成功
保存成功
保存成功
保存成功
已存在 سوشىنكۇ تۈرمىسىدىن قېچىش
保存成功
已存在 ئىشخانىدىكى ئىشلار
保存成功
保存成功
已存在 پەرىشتىنىڭ تاللىشى 1-70
已存在 تەدبىكار جى شياۋلەن
已存在 ئەي مېيگۈينىڭ كەچۈرمىشلىرى 1-36
保存成功
保存成功
保存成功
已存在 ھەسەل ھەرىسى مايا
保存成功
cannot write mode RGBA as JPEG
已存在 يېڭى ناۋا
已存在 قانۇن ۋە پۇقرا
已存在 تالانت سەھنىسى
已存在 يىپەك يولى ساداسى
已存在 تەلەي يۇلتۇزى
已存在 بويىكا 4- بۆلۈمى (ئۆزتىل)
已存在 بوكىس شاھى : قايتۇرما زەربە 
已存在 چوڭ ئاغا - جېن زىدەن
已存在 复仇者联盟3-国语高清版
已存在 چۈمىلە ئادەم 2 - بۆلۈم
HTTPSConnectionPool(host='pic.baba.cc', port=443): Max retries exceeded with url: /pic/uploadimg/2017-8/201781914511634386.jpg (Caused by SSLError(SSLError("bad handshake: SysCallError(104, 'ECONNRESET')",),))
下载完成
2018-12-21 06:30:01.860294
Izqut~~~~~~~~~~
Arzu
保存成功
成功的存到了数据库 ﺟﻪﯓ ﺑﯚﺭﯨﺴﻰ2-ﺋﯘﻳﻐﯘﺭﭼﻪ
保存成功
成功的存到了数据库 ﭼﯩﯖﻠﻮﯕﻨﯩﯔ ﺋﻪﯓ ﻳﯧﯖﻰ ﻓﯩﻠﯩﻤﻰ-ﻣﺎﺷﯩﻨﺎ ﺋﺎﺩﻩﻡ ﻗﯧﻨﻰ
保存成功
成功的存到了数据库 ﺋﺎﻟﯟﺍﺳﺘﻰ ﺗﯘﺗﯘﺵ ﺧﺎﺗﯩﺮﯨﺴﻰ2
保存成功
成功的存到了数据库 ﺋﺎﻟﯟﺍﺳﺘﻰ ﺗﯘﺗﯘﺵ ﺧﺎﺗﯩﺮﯨﺴﻰ
保存成功
成功的存到了数据库 ﺟﯘﯕﮕﯘﻟﯘﻗﻼﺭ ﻛﻮﭼﯩﺴﯩﺪﯨﻜﻰ ﺋﻪﺯﯨﻤﻪﺕ
保存成功
已存在 پىلانىتلار ئارا ئۇرۇش 8
保存成功
保存成功
保存成功
已存在 21 كارات
保存成功
保存成功
保存成功
保存成功
保存成功
保存成功
保存成功
cannot identify image file <_io.BytesIO object at 0x7f80f2e36308>
保存成功
保存成功
保存成功
已存在 ئالاھىدە خادىم 3-بۆلۈم 
已存在 ئىزدەش
已存在 ئەجدىھا ئەۋلادى
已存在 شىفىرلىق بومبا
保存成功
保存成功
保存成功
已存在 موما مېنى باغرىڭغا باس 1-37
保存成功
保存成功
保存成功
保存成功
已存在 كۇبو
保存成功
已存在  ئەجدىھا كۆندۈرگۈچى  2
已存在 قار خانىشنىڭ ئۆچ ئېلىشى
已存在 يىپەك يولى ساداسى
已存在 قانۇن ۋە پۇقرا
已存在 تالانت سەھنىسى
已存在 يېڭى ناۋا
已存在 تەلەي يۇلتۇزى
已存在 پۇرچاق ئالاھىدە خادىم 3 - بۆلۈم (ئۆز تىل)
保存成功
已存在 چۈمىلە ئادەم 2 - بۆلۈم
已存在 بويىكا 4- بۆلۈمى (ئۆزتىل)
已存在 ئالاھىدە خادىم 3-بۆلۈم
已存在 چوڭ ئاغا - جېن زىدەن
下载完成
