*** Starting uWSGI 2.0.17.1 (64bit) on [Fri Nov  9 18:20:41 2018] ***
compiled with version: 4.4.7 20120313 (Red Hat 4.4.7-23) on 20 August 2018 07:42:27
os: Linux-2.6.32-642.6.2.el6.x86_64 #1 SMP Wed Oct 26 06:52:09 UTC 2016
nodename: VM_0_11_centos
machine: x86_64
clock source: unix
pcre jit disabled
detected number of CPU cores: 1
current working directory: /usr/study/django/web
writing pidfile to /tmp/uwsgi.pid
detected binary path: /usr/local/python3/bin/uwsgi
uWSGI running as root, you can use --uid/--gid/--chroot options
*** WARNING: you are running uWSGI as root !!! (use the --uid flag) *** 
chdir() to /usr/study/django/web
your processes number limit is 100000
your memory page size is 4096 bytes
detected max file descriptor number: 100000
lock engine: pthread robust mutexes
thunder lock: disabled (you can enable it with --thunder-lock)
uwsgi socket 0 bound to TCP address :8001 fd 3
uWSGI running as root, you can use --uid/--gid/--chroot options
*** WARNING: you are running uWSGI as root !!! (use the --uid flag) *** 
Python version: 3.6.4 (default, Aug 20 2018, 14:26:03)  [GCC 4.4.7 20120313 (Red Hat 4.4.7-23)]
Python main interpreter initialized at 0x1ac13a0
uWSGI running as root, you can use --uid/--gid/--chroot options
*** WARNING: you are running uWSGI as root !!! (use the --uid flag) *** 
python threads support enabled
your server socket listen backlog is limited to 100 connections
your mercy for graceful operations on workers is 60 seconds
mapped 583632 bytes (569 KB) for 12 cores
*** Operational MODE: preforking+threaded ***
WSGI app 0 (mountpoint='') ready in 0 seconds on interpreter 0x1ac13a0 pid: 25916 (default app)
uWSGI running as root, you can use --uid/--gid/--chroot options
*** WARNING: you are running uWSGI as root !!! (use the --uid flag) *** 
*** uWSGI is running in multiple interpreter mode ***
spawned uWSGI master process (pid: 25916)
spawned uWSGI worker 1 (pid: 25919, cores: 2)
spawned uWSGI worker 2 (pid: 25920, cores: 2)
spawned uWSGI worker 3 (pid: 25921, cores: 2)
spawned uWSGI worker 4 (pid: 25922, cores: 2)
spawned uWSGI worker 5 (pid: 25923, cores: 2)
spawned uWSGI worker 6 (pid: 25924, cores: 2)
*** Starting uWSGI 2.0.17.1 (64bit) on [Fri Nov  9 18:21:53 2018] ***
compiled with version: 4.4.7 20120313 (Red Hat 4.4.7-23) on 20 August 2018 07:42:27
os: Linux-2.6.32-642.6.2.el6.x86_64 #1 SMP Wed Oct 26 06:52:09 UTC 2016
nodename: VM_0_11_centos
machine: x86_64
clock source: unix
pcre jit disabled
detected number of CPU cores: 1
current working directory: /usr/study/django/web
writing pidfile to /tmp/uwsgi.pid
detected binary path: /usr/local/python3/bin/uwsgi
uWSGI running as root, you can use --uid/--gid/--chroot options
*** WARNING: you are running uWSGI as root !!! (use the --uid flag) *** 
chdir() to /usr/study/django/web
your processes number limit is 100000
your memory page size is 4096 bytes
detected max file descriptor number: 100000
lock engine: pthread robust mutexes
thunder lock: disabled (you can enable it with --thunder-lock)
probably another instance of uWSGI is running on the same address (:8001).
bind(): Address already in use [core/socket.c line 769]
invalid request block size: 21573 (max 4096)...skip
invalid request block size: 21573 (max 4096)...skip
invalid request block size: 21573 (max 4096)...skip
invalid request block size: 21573 (max 4096)...skip
Empty python request. skip.
[pid: 25921|app: -1|req: -1/110]  () {0 vars in 0 bytes} [Fri Nov 30 01:50:53 2018]   => generated 0 bytes in 0 msecs ( 0) 0 headers in 0 bytes (0 switches on core 1)
invalid request block size: 21573 (max 4096)...skip
invalid request block size: 21573 (max 4096)...skip
invalid request block size: 21573 (max 4096)...skip
invalid request block size: 21573 (max 4096)...skip
invalid request block size: 21573 (max 4096)...skip
invalid request block size: 21573 (max 4096)...skip
-- unavailable modifier requested: 65 --
-- unavailable modifier requested: 22 --
-- unavailable modifier requested: 128 --
invalid request block size: 21573 (max 4096)...skip
invalid request block size: 21573 (max 4096)...skip
invalid request block size: 7937 (max 4096)...skip
invalid request block size: 21573 (max 4096)...skip
invalid request block size: 21573 (max 4096)...skip
invalid request block size: 21573 (max 4096)...skip
invalid request block size: 21573 (max 4096)...skip
invalid request block size: 7937 (max 4096)...skip
invalid request block size: 21573 (max 4096)...skip
invalid request block size: 21573 (max 4096)...skip
invalid request block size: 21573 (max 4096)...skip
